2025-11-10 22:32:32,355 - ERROR - 'int' object is not callable
2025-11-10 22:41:08,826 - ERROR - 'int' object is not callable
2025-11-10 22:41:10,573 - ERROR - 'int' object is not callable
2025-11-10 22:42:20,063 - ERROR - 'int' object is not callable
2025-11-10 22:43:49,741 - INFO - file_cache is only supported with oauth2client<4.0.0
2025-11-10 22:43:50,240 - ERROR - 'int' object is not callable
2025-11-10 22:44:29,505 - INFO - file_cache is only supported with oauth2client<4.0.0
2025-11-10 22:44:30,174 - ERROR - Invalid request. Status code: {response.status_code}
2025-11-10 22:44:30,174 - ERROR - Cannot reach endpoint: https://www.googleapis.com/drive/v3/files?pageSize=10&fields=files(id,name)
2025-11-10 22:44:30,175 - INFO - Response is valid
2025-11-10 22:45:46,885 - INFO - file_cache is only supported with oauth2client<4.0.0
2025-11-10 22:45:47,288 - ERROR - Invalid request. Status code: {response.status_code}
2025-11-10 22:45:47,288 - ERROR - Cannot reach endpoint: https://www.googleapis.com/drive/v3/files?pageSize=10&fields=files(id,name)
2025-11-10 22:45:47,289 - INFO - Response is valid
2025-11-10 22:46:24,973 - INFO - file_cache is only supported with oauth2client<4.0.0
2025-11-10 22:46:26,514 - INFO - Response is valid
2025-11-10 22:49:19,486 - INFO - file_cache is only supported with oauth2client<4.0.0
2025-11-10 22:49:25,530 - INFO - file_cache is only supported with oauth2client<4.0.0
2025-11-10 22:49:48,128 - INFO - file_cache is only supported with oauth2client<4.0.0
2025-11-10 22:49:48,745 - ERROR - Invalid request. Status code: {response.status_code}
2025-11-10 22:49:48,746 - ERROR - Cannot reach endpoint: https://www.googleapis.com/drive/v3/drives
2025-11-10 22:49:48,746 - INFO - Response is valid
2025-11-10 22:49:48,746 - INFO - Getting all google drives...
2025-11-10 22:50:12,190 - INFO - file_cache is only supported with oauth2client<4.0.0
2025-11-10 22:50:14,268 - ERROR - Invalid request. Status code: {response.status_code}
2025-11-10 22:50:14,268 - ERROR - Cannot reach endpoint: https://www.googleapis.com/drive/v3/drives
2025-11-10 22:50:14,268 - INFO - Response is valid
2025-11-10 22:50:14,268 - INFO - Getting all google drives...
2025-11-10 22:53:27,079 - INFO - file_cache is only supported with oauth2client<4.0.0
2025-11-10 22:53:28,169 - WARNING - Encountered 403 Forbidden with reason "insufficientPermissions"
2025-11-10 22:54:11,811 - INFO - file_cache is only supported with oauth2client<4.0.0
2025-11-10 22:54:12,039 - WARNING - Encountered 403 Forbidden with reason "insufficientPermissions"
2025-11-10 22:57:54,195 - INFO - "GET /?state=HoGcBO6RjFi2sew2CTdgKLhIu8JpkZ&code=4/0Ab32j92HMNuQHc870pRGVDBsxV62cecWRr8DE5iJUWHp0vSwRhmRTEZRhyMrWDQyof25zw&scope=https://www.googleapis.com/auth/drive.readonly%20https://www.googleapis.com/auth/drive.metadata.readonly HTTP/1.1" 200 65
2025-11-10 22:57:54,367 - INFO - Token saved to token.json
2025-11-10 22:57:54,378 - INFO - file_cache is only supported with oauth2client<4.0.0
2025-11-10 22:57:54,594 - ERROR - Drive 'TikTok Videos' not found.
2025-11-10 22:57:59,899 - INFO - file_cache is only supported with oauth2client<4.0.0
2025-11-10 22:58:00,264 - ERROR - Drive 'TikTok Videos' not found.
2025-11-10 22:59:07,203 - INFO - file_cache is only supported with oauth2client<4.0.0
2025-11-10 22:59:07,586 - INFO - Found folder 'TikTok Videos' with ID: 18Fx-0ZSV9UXvVj6l0bbGrDUZ0M5OlGy5
2025-11-10 22:59:07,756 - INFO - Found 4 video files in the folder.
2025-11-10 23:06:41,427 - INFO - file_cache is only supported with oauth2client<4.0.0
2025-11-10 23:06:41,994 - INFO - Found folder 'TikTok Videos' with ID: 18Fx-0ZSV9UXvVj6l0bbGrDUZ0M5OlGy5
2025-11-10 23:06:42,299 - INFO - Found 4 video files in the folder.
2025-11-10 23:07:03,417 - INFO - file_cache is only supported with oauth2client<4.0.0
2025-11-10 23:07:03,871 - INFO - Found folder 'TikTok Videos' with ID: 18Fx-0ZSV9UXvVj6l0bbGrDUZ0M5OlGy5
2025-11-10 23:07:04,072 - INFO - Found 4 video files in the folder.
2025-11-10 23:18:52,367 - INFO - file_cache is only supported with oauth2client<4.0.0
2025-11-10 23:18:52,968 - INFO - Found folder 'TikTok Videos' with ID: 18Fx-0ZSV9UXvVj6l0bbGrDUZ0M5OlGy5
2025-11-10 23:18:53,109 - INFO - Found 4 video files in the folder.
2025-11-10 23:20:11,610 - INFO - file_cache is only supported with oauth2client<4.0.0
2025-11-10 23:20:12,199 - INFO - Found folder 'TikTok Videos' with ID: 18Fx-0ZSV9UXvVj6l0bbGrDUZ0M5OlGy5
2025-11-10 23:20:12,416 - INFO - Found 4 video files in the folder.
2025-11-10 23:23:55,480 - INFO - file_cache is only supported with oauth2client<4.0.0
2025-11-10 23:23:55,880 - INFO - Found folder 'TikTok Videos' with ID: 18Fx-0ZSV9UXvVj6l0bbGrDUZ0M5OlGy5
2025-11-10 23:23:56,062 - INFO - Found 4 video files in the folder.
2025-11-10 23:25:24,089 - INFO - file_cache is only supported with oauth2client<4.0.0
2025-11-10 23:25:24,637 - INFO - Found folder 'TikTok Videos' with ID: 18Fx-0ZSV9UXvVj6l0bbGrDUZ0M5OlGy5
2025-11-10 23:25:24,929 - INFO - Found 4 video files in the folder.
2025-11-11 20:38:11,800 - INFO - Access token refreshed.
2025-11-11 20:38:11,812 - INFO - file_cache is only supported with oauth2client<4.0.0
2025-11-11 20:39:09,683 - INFO - Found folder 'TikTok Videos' with ID: 18Fx-0ZSV9UXvVj6l0bbGrDUZ0M5OlGy5
2025-11-11 20:39:10,107 - INFO - Found 4 video files in the folder.
2025-11-11 20:39:10,108 - INFO - Starting downloads to: C:/Users/Benny/projects/tiktok_project/tik_tok_downloads
2025-11-11 20:39:10,109 - INFO - Starting download to C:/Users/Benny/projects/tiktok_project/tik_tok_downloads\IMG_3785_1.mov
2025-11-11 20:39:12,928 - INFO - Successfully downloaded file to C:/Users/Benny/projects/tiktok_project/tik_tok_downloads\IMG_3785_1.mov
2025-11-11 20:39:12,932 - INFO - Starting download to C:/Users/Benny/projects/tiktok_project/tik_tok_downloads\IMG_3782_1.mov
2025-11-11 20:39:14,388 - INFO - Successfully downloaded file to C:/Users/Benny/projects/tiktok_project/tik_tok_downloads\IMG_3782_1.mov
2025-11-11 20:39:14,389 - INFO - Starting download to C:/Users/Benny/projects/tiktok_project/tik_tok_downloads\IMG_3753_1.mov
2025-11-11 20:39:15,979 - INFO - Successfully downloaded file to C:/Users/Benny/projects/tiktok_project/tik_tok_downloads\IMG_3753_1.mov
2025-11-11 20:39:15,980 - INFO - Starting download to C:/Users/Benny/projects/tiktok_project/tik_tok_downloads\IMG_3780_1.mov
2025-11-11 20:39:17,719 - INFO - Successfully downloaded file to C:/Users/Benny/projects/tiktok_project/tik_tok_downloads\IMG_3780_1.mov
2025-11-11 20:39:17,719 - INFO - All downloads complete!
